<?xml version="1.0" encoding="UTF-8"?>
<!-- Generated by org.testng.reporters.JUnitReportReporter -->
<testsuite hostname="Soumalya" failures="0" tests="1" name="Java_Selenium.Caspstone_Project.test1" time="0.003" errors="0" timestamp="2025-09-06T12:14:19 IST" skipped="0">
  <testcase classname="Java_Selenium.Caspstone_Project.test1" name="test2" time="0.003"/>
</testsuite> <!-- Java_Selenium.Caspstone_Project.test1 -->
