<?xml version="1.0" encoding="UTF-8"?>
<!-- Generated by org.testng.reporters.JUnitReportReporter -->
<testsuite hostname="Soumalya" failures="0" tests="2" name="tests.MenuOptionsTest" time="31.106" errors="0" timestamp="2025-09-06T18:42:52 IST" skipped="0">
  <testcase classname="tests.MenuOptionsTest" name="verifyAboutLink" time="27.286"/>
  <testcase classname="tests.MenuOptionsTest" name="verifyResetAppState" time="3.820"/>
</testsuite> <!-- tests.MenuOptionsTest -->
