<?xml version="1.0" encoding="UTF-8"?>
<!-- Generated by org.testng.reporters.JUnitReportReporter -->
<testsuite hostname="Soumalya" failures="0" tests="2" name="Java_Selenium.Caspstone_Project.BStackLoginTest" time="7.484" errors="0" timestamp="2025-08-27T18:58:36 IST" skipped="0">
  <testcase classname="Java_Selenium.Caspstone_Project.BStackLoginTest" name="testValidLogin" time="1.594"/>
  <testcase classname="Java_Selenium.Caspstone_Project.BStackLoginTest" name="testLogout" time="5.890"/>
</testsuite> <!-- Java_Selenium.Caspstone_Project.BStackLoginTest -->
