<?xml version="1.0" encoding="UTF-8"?>
<!-- Generated by org.testng.reporters.JUnitReportReporter -->
<testsuite hostname="Soumalya" failures="0" tests="1" name="tests.CheckoutTest" time="4.075" errors="0" timestamp="2025-09-06T18:42:52 IST" skipped="0">
  <testcase classname="tests.CheckoutTest" name="verifyCheckoutFlow" time="4.075"/>
</testsuite> <!-- tests.CheckoutTest -->
