<?xml version="1.0" encoding="UTF-8"?>
<!-- Generated by org.testng.reporters.JUnitReportReporter -->
<testsuite hostname="Soumalya" failures="0" tests="4" name="tests.SortingTest" time="17.685" errors="0" timestamp="2025-09-06T18:42:52 IST" skipped="0">
  <testcase classname="tests.SortingTest" name="verifySortByPriceHighToLow" time="4.309"/>
  <testcase classname="tests.SortingTest" name="verifySortByNameDescending" time="4.441"/>
  <testcase classname="tests.SortingTest" name="verifySortByPriceLowToHigh" time="4.451"/>
  <testcase classname="tests.SortingTest" name="verifySortByNameAscending" time="4.484"/>
</testsuite> <!-- tests.SortingTest -->
