<?xml version="1.0" encoding="UTF-8"?>
<!-- Generated by org.testng.reporters.JUnitReportReporter -->
<testsuite hostname="Soumalya" failures="0" tests="11" name="tests.LoginTest" time="38.720" errors="0" timestamp="2025-09-06T18:42:52 IST" skipped="0">
  <testcase classname="tests.LoginTest" name="testLogin" time="2.999"/>
  <testcase classname="tests.LoginTest" name="testLogin" time="2.997"/>
  <testcase classname="tests.LoginTest" name="testLogin" time="2.987"/>
  <testcase classname="tests.LoginTest" name="testLogin" time="3.083"/>
  <testcase classname="tests.LoginTest" name="testLogin" time="8.020"/>
  <testcase classname="tests.LoginTest" name="testLogin" time="3.039"/>
  <testcase classname="tests.LoginTest" name="testLogin" time="2.848"/>
  <testcase classname="tests.LoginTest" name="testLogin" time="3.015"/>
  <testcase classname="tests.LoginTest" name="testLogin" time="2.961"/>
  <testcase classname="tests.LoginTest" name="testLogin" time="3.020"/>
  <testcase classname="tests.LoginTest" name="testLogin" time="3.751"/>
</testsuite> <!-- tests.LoginTest -->
